TN:
SF:src/app/app.component.ts
FN:31,(anonymous_0)
FNF:1
FNH:1
FNDA:3,(anonymous_0)
DA:31,1
DA:32,3
LF:2
LH:2
BRF:0
BRH:0
end_of_record
TN:
SF:src/app/items/items.component.ts
FN:21,(anonymous_0)
FN:23,(anonymous_1)
FN:27,(anonymous_2)
FN:31,(anonymous_3)
FN:35,(anonymous_4)
FN:43,(anonymous_5)
FN:50,(anonymous_6)
FN:55,(anonymous_7)
FN:63,(anonymous_8)
FN:67,(anonymous_9)
FN:74,(anonymous_10)
FN:75,(anonymous_11)
FN:82,(anonymous_12)
FN:90,(anonymous_13)
FN:94,(anonymous_14)
FN:101,(anonymous_15)
FN:102,(anonymous_16)
FN:105,(anonymous_17)
FNF:18
FNH:18
FNDA:15,(anonymous_0)
FNDA:1,(anonymous_1)
FNDA:2,(anonymous_2)
FNDA:1,(anonymous_3)
FNDA:1,(anonymous_4)
FNDA:3,(anonymous_5)
FNDA:1,(anonymous_6)
FNDA:1,(anonymous_7)
FNDA:1,(anonymous_8)
FNDA:3,(anonymous_9)
FNDA:1,(anonymous_10)
FNDA:1,(anonymous_11)
FNDA:1,(anonymous_12)
FNDA:1,(anonymous_13)
FNDA:4,(anonymous_14)
FNDA:1,(anonymous_15)
FNDA:2,(anonymous_16)
FNDA:1,(anonymous_17)
DA:14,1
DA:15,15
DA:16,15
DA:17,15
DA:18,15
DA:19,15
DA:21,15
DA:24,1
DA:28,2
DA:29,2
DA:30,2
DA:32,1
DA:33,1
DA:36,1
DA:37,1
DA:38,1
DA:44,3
DA:45,1
DA:48,2
DA:49,2
DA:51,1
DA:52,1
DA:53,1
DA:56,1
DA:57,1
DA:58,1
DA:64,1
DA:68,3
DA:69,1
DA:72,2
DA:73,2
DA:75,1
DA:76,1
DA:77,1
DA:79,1
DA:80,1
DA:83,1
DA:84,1
DA:85,1
DA:91,1
DA:95,4
DA:96,2
DA:99,2
DA:100,2
DA:102,2
DA:103,1
DA:106,1
DA:107,1
DA:108,1
LF:49
LH:49
BRDA:44,0,0,1
BRDA:68,1,0,1
BRDA:68,2,0,3
BRDA:68,2,1,3
BRDA:76,3,0,1
BRDA:95,4,0,2
BRDA:95,5,0,4
BRDA:95,5,1,3
BRF:8
BRH:8
end_of_record
TN:
SF:src/app/services/item.service.ts
FN:13,(anonymous_0)
FN:15,(anonymous_1)
FN:19,(anonymous_2)
FN:23,(anonymous_3)
FN:27,(anonymous_4)
FN:31,(anonymous_5)
FNF:6
FNH:4
FNDA:4,(anonymous_0)
FNDA:1,(anonymous_1)
FNDA:0,(anonymous_2)
FNDA:1,(anonymous_3)
FNDA:0,(anonymous_4)
FNDA:1,(anonymous_5)
DA:10,1
DA:11,4
DA:13,4
DA:16,1
DA:20,0
DA:24,1
DA:28,0
DA:32,1
LF:8
LH:6
BRF:0
BRH:0
end_of_record
TN:
SF:src/environments/environment.ts
FNF:0
FNH:0
DA:1,1
LF:1
LH:1
BRF:0
BRH:0
end_of_record
